[90m# A tibble: 5,280 x 64[39m
   rowname instance pb        n     p coef  rangemin rangemax nodesel varsel OB    solved    YN
   [3m[90m<chr>[39m[23m   [3m[90m<chr>[39m[23m    [3m[90m<chr>[39m[23m [3m[90m<dbl>[39m[23m [3m[90m<dbl>[39m[23m [3m[90m<chr>[39m[23m    [3m[90m<dbl>[39m[23m    [3m[90m<dbl>[39m[23m [3m[90m<chr>[39m[23m   [3m[90m<chr>[39m[23m  [3m[90m<chr>[39m[23m  [3m[90m<dbl>[39m[23m [3m[90m<dbl>[39m[23m
[90m 1[39m 1       Forget2… AS       36     3 2box      [4m1[24m000     [4m2[24m000 depth   mof    None       1    99
[90m 2[39m 2       Forget2… AS       36     3 2box      [4m1[24m000     [4m2[24m000 breadth mof    None       1    99
[90m 3[39m 3       Forget2… AS       36     3 2box      [4m1[24m000     [4m2[24m000 depth   mfavg  None       1    99
[90m 4[39m 4       Forget2… AS       36     3 2box      [4m1[24m000     [4m2[24m000 breadth mfavg  None       1    99
[90m 5[39m 5       Forget2… AS       36     3 2box      [4m1[24m000     [4m2[24m000 depth   mof    None       1    74
[90m 6[39m 6       Forget2… AS       36     3 2box      [4m1[24m000     [4m2[24m000 breadth mof    None       1    74
[90m 7[39m 7       Forget2… AS       36     3 2box      [4m1[24m000     [4m2[24m000 depth   mfavg  None       1    74
[90m 8[39m 8       Forget2… AS       36     3 2box      [4m1[24m000     [4m2[24m000 breadth mfavg  None       1    74
[90m 9[39m 9       Forget2… AS       36     3 2box      [4m1[24m000     [4m2[24m000 depth   mof    None       1    87
[90m10[39m 10      Forget2… AS       36     3 2box      [4m1[24m000     [4m2[24m000 breadth mof    None       1    87
[90m# … with 5,270 more rows, and 51 more variables: nbnodes [3m[90m<dbl>[90m[23m, mindepthT [3m[90m<dbl>[90m[23m, maxdepthT [3m[90m<dbl>[90m[23m,[39m
[90m#   avgdepthT [3m[90m<dbl>[90m[23m, avgdepthYN [3m[90m<dbl>[90m[23m, nbleaf [3m[90m<dbl>[90m[23m, nbinfeas [3m[90m<dbl>[90m[23m, pctinfeas [3m[90m<dbl>[90m[23m,[39m
[90m#   tpsinfeas [3m[90m<dbl>[90m[23m, nbopt [3m[90m<dbl>[90m[23m, pctopt [3m[90m<dbl>[90m[23m, tpsopt [3m[90m<dbl>[90m[23m, nbdomi [3m[90m<dbl>[90m[23m, pctdomi [3m[90m<dbl>[90m[23m,[39m
[90m#   avgdomi [3m[90m<dbl>[90m[23m, nbLB [3m[90m<dbl>[90m[23m, avgfacets [3m[90m<dbl>[90m[23m, avgNDf [3m[90m<dbl>[90m[23m, pctavgNDf [3m[90m<dbl>[90m[23m, avgWNDf [3m[90m<dbl>[90m[23m,[39m
[90m#   pctWNDf [3m[90m<dbl>[90m[23m, maxfacets [3m[90m<dbl>[90m[23m, maxNDf [3m[90m<dbl>[90m[23m, pctmaxNDf [3m[90m<dbl>[90m[23m, maxWNDf [3m[90m<dbl>[90m[23m, pctmaxWNDf [3m[90m<dbl>[90m[23m,[39m
[90m#   tpstotal [3m[90m<dbl>[90m[23m, tpsLB [3m[90m<dbl>[90m[23m, pcttpsLB [3m[90m<dbl>[90m[23m, tpsdomi [3m[90m<dbl>[90m[23m, pcttpsdomi [3m[90m<dbl>[90m[23m, tpsUB [3m[90m<dbl>[90m[23m,[39m
[90m#   pcttpsUB [3m[90m<dbl>[90m[23m, tpsnodesel [3m[90m<dbl>[90m[23m, pcttpsnodesel [3m[90m<dbl>[90m[23m, tpsvarsel [3m[90m<dbl>[90m[23m, pcttpsvarsel [3m[90m<dbl>[90m[23m,[39m
[90m#   tpsOB [3m[90m<dbl>[90m[23m, pcttpsOB [3m[90m<dbl>[90m[23m, tpsSLUB [3m[90m<dbl>[90m[23m, pcttpsSLUB [3m[90m<dbl>[90m[23m, tpsdomiLUB [3m[90m<dbl>[90m[23m,[39m
[90m#   pcttpsdomiLUB [3m[90m<dbl>[90m[23m, nbOB [3m[90m<dbl>[90m[23m, pctnbOB [3m[90m<dbl>[90m[23m, avgdepthOB [3m[90m<dbl>[90m[23m, mindepthOB [3m[90m<dbl>[90m[23m,[39m
[90m#   maxdepthOB [3m[90m<dbl>[90m[23m, avgnbpbOB [3m[90m<dbl>[90m[23m, maxnbpbOB [3m[90m<dbl>[90m[23m, ratioNDcoef [3m[90m<dbl>[90m[23m[39m
